<?xml version="1.0" encoding="utf-8"?><testsuites name="pytest tests"><testsuite name="pytest" errors="0" failures="3" skipped="0" tests="10" time="0.084" timestamp="2025-09-24T14:44:31.531132+02:00" hostname="Ryzen-ArangoDB"><testcase classname="shell_api.test_index.TestIndexAPI" name="test_error_unknown_collection_and_index" time="0.020" /><testcase classname="shell_api.test_index.TestIndexAPI" name="test_error_unknown_index_identifier" time="0.006" /><testcase classname="shell_api.test_index.TestIndexAPI" name="test_create_unique_hash_index_new_then_existing" time="0.004"><failure message="AssertionError: assert None is not None&#10; +  where None = &lt;built-in method match of re.Pattern object at 0x7b4d86131580&gt;('126')&#10; +    where &lt;built-in method match of re.Pattern object at 0x7b4d86131580&gt; = re.compile('^[A-Za-z0-9_\\-]+/\\d+$').match">E   AssertionError: assert None is not None
     +  where None = &lt;built-in method match of re.Pattern object at 0x7b4d86131580&gt;('126')
     +    where &lt;built-in method match of re.Pattern object at 0x7b4d86131580&gt; = re.compile('^[A-Za-z0-9_\\-]+/\\d+$').match</failure></testcase><testcase classname="shell_api.test_index.TestIndexAPI" name="test_create_unique_sparse_hash_index" time="0.004" /><testcase classname="shell_api.test_index.TestIndexAPI" name="test_create_hash_index_new_then_existing" time="0.004" /><testcase classname="shell_api.test_index.TestIndexAPI" name="test_create_hash_index_mixed_sparsity" time="0.004" /><testcase classname="shell_api.test_index.TestIndexAPI" name="test_skiplist_indexes" time="0.005" /><testcase classname="shell_api.test_index.TestIndexAPI" name="test_reading_all_indexes" time="0.005"><failure message="assert False&#10; +  where False = any(&lt;generator object TestIndexAPI.test_reading_all_indexes.&lt;locals&gt;.&lt;genexpr&gt; at 0x7b4d860a1700&gt;)">E   assert False
     +  where False = any(&lt;generator object TestIndexAPI.test_reading_all_indexes.&lt;locals&gt;.&lt;genexpr&gt; at 0x7b4d860a1700&gt;)</failure></testcase><testcase classname="shell_api.test_index.TestIndexAPI" name="test_reading_primary_index" time="0.003"><failure message="AttributeError: 'StandardDatabase' object has no attribute 'index'">E   AttributeError: 'StandardDatabase' object has no attribute 'index'</failure></testcase><testcase classname="shell_api.test_index.TestIndexAPI" name="test_deleting_an_index" time="0.004" /></testsuite></testsuites>