<?xml version="1.0" encoding="utf-8"?><testsuites name="pytest tests"><testsuite name="pytest" errors="0" failures="0" skipped="0" tests="3" time="0.086" timestamp="2025-09-17T15:59:09.615248+02:00" hostname="Ryzen-ArangoDB"><testcase classname="tests.shell_api.test_statistics_mock" name="test_statistics_description_success_mock" time="0.041" /><testcase classname="tests.shell_api.test_statistics_mock" name="test_statistics_description_404_mock" time="0.000" /><testcase classname="tests.shell_api.test_statistics_mock" name="test_statistics_success_mock" time="0.000" /></testsuite></testsuites>