<?xml version="1.0" encoding="utf-8"?><testsuites name="pytest tests"><testsuite name="pytest" errors="0" failures="0" skipped="0" tests="18" time="8.695" timestamp="2025-09-17T14:35:48.338806+02:00" hostname="Ryzen-ArangoDB"><testcase classname="tests.shell_api.test_statistics.TestStatisticsAPI" name="test_statistics_description_correct_endpoint" time="1.112" /><testcase classname="tests.shell_api.test_statistics.TestStatisticsAPI" name="test_statistics_description_wrong_endpoint" time="0.009" /><testcase classname="tests.shell_api.test_statistics.TestStatisticsAPI" name="test_statistics_correct_endpoint" time="0.004" /><testcase classname="tests.shell_api.test_statistics.TestStatisticsAPI" name="test_statistics_wrong_endpoint" time="0.004" /><testcase classname="tests.shell_api.test_statistics.TestStatisticsAPI" name="test_async_request_statistics_counting" time="2.020" /><testcase classname="tests.shell_api.test_statistics.TestStatisticsAPISingle" name="test_statistics_description_correct_endpoint" time="0.004" /><testcase classname="tests.shell_api.test_statistics.TestStatisticsAPISingle" name="test_statistics_description_wrong_endpoint" time="0.004" /><testcase classname="tests.shell_api.test_statistics.TestStatisticsAPISingle" name="test_statistics_correct_endpoint" time="0.005" /><testcase classname="tests.shell_api.test_statistics.TestStatisticsAPISingle" name="test_statistics_wrong_endpoint" time="0.006" /><testcase classname="tests.shell_api.test_statistics.TestStatisticsAPISingle" name="test_async_request_statistics_counting" time="2.023" /><testcase classname="tests.shell_api.test_statistics.TestStatisticsAPICluster" name="test_statistics_description_correct_endpoint" time="0.004" /><testcase classname="tests.shell_api.test_statistics.TestStatisticsAPICluster" name="test_statistics_description_wrong_endpoint" time="0.004" /><testcase classname="tests.shell_api.test_statistics.TestStatisticsAPICluster" name="test_statistics_correct_endpoint" time="0.005" /><testcase classname="tests.shell_api.test_statistics.TestStatisticsAPICluster" name="test_statistics_wrong_endpoint" time="0.004" /><testcase classname="tests.shell_api.test_statistics.TestStatisticsAPICluster" name="test_async_request_statistics_counting" time="2.020" /><testcase classname="tests.shell_api.test_statistics_mock" name="test_statistics_description_success_mock" time="0.001" /><testcase classname="tests.shell_api.test_statistics_mock" name="test_statistics_description_404_mock" time="0.001" /><testcase classname="tests.shell_api.test_statistics_mock" name="test_statistics_success_mock" time="1.320" /></testsuite></testsuites>