<?xml version="1.0" encoding="utf-8"?><testsuites name="pytest tests"><testsuite name="pytest" errors="0" failures="0" skipped="0" tests="5" time="3.096" timestamp="2025-09-18T10:55:40.011410+02:00" hostname="Ryzen-ArangoDB"><testcase classname="tests.shell_api.test_statistics.TestStatisticsAPI" name="test_statistics_description_correct_endpoint" time="1.028" /><testcase classname="tests.shell_api.test_statistics.TestStatisticsAPI" name="test_statistics_description_wrong_endpoint" time="0.003" /><testcase classname="tests.shell_api.test_statistics.TestStatisticsAPI" name="test_statistics_correct_endpoint" time="0.001" /><testcase classname="tests.shell_api.test_statistics.TestStatisticsAPI" name="test_statistics_wrong_endpoint" time="0.001" /><testcase classname="tests.shell_api.test_statistics.TestStatisticsAPI" name="test_async_request_statistics_counting" time="2.007" /></testsuite></testsuites>