<?xml version="1.0" encoding="utf-8"?><testsuites name="pytest tests"><testsuite name="pytest" errors="0" failures="0" skipped="0" tests="15" time="2.093" timestamp="2025-09-25T10:01:08.205896+02:00" hostname="Ryzen-ArangoDB"><testcase classname="shell_api.test_statistics.TestStatisticsAPI" name="test_statistics_description_correct_endpoint" time="0.024" /><testcase classname="shell_api.test_statistics.TestStatisticsAPI" name="test_statistics_description_wrong_endpoint" time="0.003" /><testcase classname="shell_api.test_statistics.TestStatisticsAPI" name="test_statistics_correct_endpoint" time="0.001" /><testcase classname="shell_api.test_statistics.TestStatisticsAPI" name="test_statistics_wrong_endpoint" time="0.001" /><testcase classname="shell_api.test_statistics.TestStatisticsAPI" name="test_async_request_statistics_counting" time="2.007" /><testcase classname="shell_api.test_index.TestIndexAPI" name="test_error_unknown_collection_and_index" time="0.001" /><testcase classname="shell_api.test_index.TestIndexAPI" name="test_error_unknown_index_identifier" time="0.004" /><testcase classname="shell_api.test_index.TestIndexAPI" name="test_create_unique_hash_index_new_then_existing" time="0.004" /><testcase classname="shell_api.test_index.TestIndexAPI" name="test_create_unique_sparse_hash_index" time="0.004" /><testcase classname="shell_api.test_index.TestIndexAPI" name="test_create_hash_index_new_then_existing" time="0.004" /><testcase classname="shell_api.test_index.TestIndexAPI" name="test_create_hash_index_mixed_sparsity" time="0.005" /><testcase classname="shell_api.test_index.TestIndexAPI" name="test_skiplist_indexes" time="0.005" /><testcase classname="shell_api.test_index.TestIndexAPI" name="test_reading_all_indexes" time="0.005" /><testcase classname="shell_api.test_index.TestIndexAPI" name="test_reading_primary_index" time="0.003" /><testcase classname="shell_api.test_index.TestIndexAPI" name="test_deleting_an_index" time="0.005" /></testsuite></testsuites>